<?xml version="1.0" encoding="UTF-8"?>
<testsuite xmlns:xsi="http://www.w3.org/2001/XMLSchema-instance" xsi:noNamespaceSchemaLocation="https://maven.apache.org/surefire/maven-surefire-plugin/xsd/surefire-test-report.xsd" name="BackEndCallTest" time="0.063" tests="1" errors="0" skipped="1" failures="0">
  <properties>
    <property name="sun.desktop" value="windows"/>
    <property name="awt.toolkit" value="sun.awt.windows.WToolkit"/>
    <property name="file.encoding.pkg" value="sun.io"/>
    <property name="java.specification.version" value="1.8"/>
    <property name="sun.cpu.isalist" value="amd64"/>
    <property name="sun.jnu.encoding" value="Cp1252"/>
    <property name="java.class.path" value="C:\Users\javauser\IdeaProjects\solomovies\target\test-classes;C:\Users\javauser\IdeaProjects\solomovies\target\classes;C:\Users\javauser\.m2\repository\junit\junit\4.11\junit-4.11.jar;C:\Users\javauser\.m2\repository\org\hamcrest\hamcrest-core\1.3\hamcrest-core-1.3.jar;C:\Users\javauser\.m2\repository\com\google\code\gson\gson\2.8.5\gson-2.8.5.jar;C:\Users\javauser\.m2\repository\com\sun\jersey\jersey-json\1.18.1\jersey-json-1.18.1.jar;C:\Users\javauser\.m2\repository\org\codehaus\jettison\jettison\1.1\jettison-1.1.jar;C:\Users\javauser\.m2\repository\com\sun\xml\bind\jaxb-impl\2.2.3-1\jaxb-impl-2.2.3-1.jar;C:\Users\javauser\.m2\repository\javax\xml\bind\jaxb-api\2.2.2\jaxb-api-2.2.2.jar;C:\Users\javauser\.m2\repository\javax\xml\stream\stax-api\1.0-2\stax-api-1.0-2.jar;C:\Users\javauser\.m2\repository\org\codehaus\jackson\jackson-core-asl\1.9.2\jackson-core-asl-1.9.2.jar;C:\Users\javauser\.m2\repository\org\codehaus\jackson\jackson-mapper-asl\1.9.2\jackson-mapper-asl-1.9.2.jar;C:\Users\javauser\.m2\repository\org\codehaus\jackson\jackson-jaxrs\1.9.2\jackson-jaxrs-1.9.2.jar;C:\Users\javauser\.m2\repository\org\codehaus\jackson\jackson-xc\1.9.2\jackson-xc-1.9.2.jar;C:\Users\javauser\.m2\repository\com\sun\jersey\jersey-core\1.18.1\jersey-core-1.18.1.jar;C:\Users\javauser\.m2\repository\com\owlike\genson\0.99\genson-0.99.jar;C:\Users\javauser\.m2\repository\javax\javaee-api\8.0\javaee-api-8.0.jar;C:\Users\javauser\.m2\repository\com\sun\mail\javax.mail\1.6.0\javax.mail-1.6.0.jar;C:\Users\javauser\.m2\repository\javax\activation\activation\1.1\activation-1.1.jar;C:\Users\javauser\.m2\repository\org\primefaces\primefaces\6.0\primefaces-6.0.jar;C:\Users\javauser\.m2\repository\com\sun\faces\jsf-api\2.1.7\jsf-api-2.1.7.jar;C:\Users\javauser\.m2\repository\com\sun\faces\jsf-impl\2.1.7\jsf-impl-2.1.7.jar;C:\Users\javauser\.m2\repository\com\sun\jersey\jersey-client\1.19.1\jersey-client-1.19.1.jar;C:\Users\javauser\.m2\repository\com\sun\jersey\jersey-server\1.19.1\jersey-server-1.19.1.jar;C:\Users\javauser\.m2\repository\org\apache\httpcomponents\httpclient\4.5.8\httpclient-4.5.8.jar;C:\Users\javauser\.m2\repository\org\apache\httpcomponents\httpcore\4.4.11\httpcore-4.4.11.jar;C:\Users\javauser\.m2\repository\commons-logging\commons-logging\1.2\commons-logging-1.2.jar;C:\Users\javauser\.m2\repository\commons-codec\commons-codec\1.11\commons-codec-1.11.jar;C:\Users\javauser\.m2\repository\org\projectlombok\lombok\1.18.8\lombok-1.18.8.jar;"/>
    <property name="java.vm.vendor" value="Oracle Corporation"/>
    <property name="sun.arch.data.model" value="64"/>
    <property name="user.variant" value=""/>
    <property name="java.vendor.url" value="http://java.oracle.com/"/>
    <property name="user.timezone" value="Europe/London"/>
    <property name="java.vm.specification.version" value="1.8"/>
    <property name="os.name" value="Windows 10"/>
    <property name="user.country" value="GB"/>
    <property name="sun.java.launcher" value="SUN_STANDARD"/>
    <property name="sun.boot.library.path" value="C:\Program Files\Java\jdk1.8.0_211\jre\bin"/>
    <property name="sun.java.command" value="C:\Users\javauser\AppData\Local\Temp\surefire3751868376294490558\surefirebooter686430529651726949.jar C:\Users\javauser\AppData\Local\Temp\surefire3751868376294490558 2019-06-12T21-46-10_699-jvmRun1 surefire5975149343545849370tmp surefire_04449414391189172145tmp"/>
    <property name="surefire.test.class.path" value="C:\Users\javauser\IdeaProjects\solomovies\target\test-classes;C:\Users\javauser\IdeaProjects\solomovies\target\classes;C:\Users\javauser\.m2\repository\junit\junit\4.11\junit-4.11.jar;C:\Users\javauser\.m2\repository\org\hamcrest\hamcrest-core\1.3\hamcrest-core-1.3.jar;C:\Users\javauser\.m2\repository\com\google\code\gson\gson\2.8.5\gson-2.8.5.jar;C:\Users\javauser\.m2\repository\com\sun\jersey\jersey-json\1.18.1\jersey-json-1.18.1.jar;C:\Users\javauser\.m2\repository\org\codehaus\jettison\jettison\1.1\jettison-1.1.jar;C:\Users\javauser\.m2\repository\com\sun\xml\bind\jaxb-impl\2.2.3-1\jaxb-impl-2.2.3-1.jar;C:\Users\javauser\.m2\repository\javax\xml\bind\jaxb-api\2.2.2\jaxb-api-2.2.2.jar;C:\Users\javauser\.m2\repository\javax\xml\stream\stax-api\1.0-2\stax-api-1.0-2.jar;C:\Users\javauser\.m2\repository\org\codehaus\jackson\jackson-core-asl\1.9.2\jackson-core-asl-1.9.2.jar;C:\Users\javauser\.m2\repository\org\codehaus\jackson\jackson-mapper-asl\1.9.2\jackson-mapper-asl-1.9.2.jar;C:\Users\javauser\.m2\repository\org\codehaus\jackson\jackson-jaxrs\1.9.2\jackson-jaxrs-1.9.2.jar;C:\Users\javauser\.m2\repository\org\codehaus\jackson\jackson-xc\1.9.2\jackson-xc-1.9.2.jar;C:\Users\javauser\.m2\repository\com\sun\jersey\jersey-core\1.18.1\jersey-core-1.18.1.jar;C:\Users\javauser\.m2\repository\com\owlike\genson\0.99\genson-0.99.jar;C:\Users\javauser\.m2\repository\javax\javaee-api\8.0\javaee-api-8.0.jar;C:\Users\javauser\.m2\repository\com\sun\mail\javax.mail\1.6.0\javax.mail-1.6.0.jar;C:\Users\javauser\.m2\repository\javax\activation\activation\1.1\activation-1.1.jar;C:\Users\javauser\.m2\repository\org\primefaces\primefaces\6.0\primefaces-6.0.jar;C:\Users\javauser\.m2\repository\com\sun\faces\jsf-api\2.1.7\jsf-api-2.1.7.jar;C:\Users\javauser\.m2\repository\com\sun\faces\jsf-impl\2.1.7\jsf-impl-2.1.7.jar;C:\Users\javauser\.m2\repository\com\sun\jersey\jersey-client\1.19.1\jersey-client-1.19.1.jar;C:\Users\javauser\.m2\repository\com\sun\jersey\jersey-server\1.19.1\jersey-server-1.19.1.jar;C:\Users\javauser\.m2\repository\org\apache\httpcomponents\httpclient\4.5.8\httpclient-4.5.8.jar;C:\Users\javauser\.m2\repository\org\apache\httpcomponents\httpcore\4.4.11\httpcore-4.4.11.jar;C:\Users\javauser\.m2\repository\commons-logging\commons-logging\1.2\commons-logging-1.2.jar;C:\Users\javauser\.m2\repository\commons-codec\commons-codec\1.11\commons-codec-1.11.jar;C:\Users\javauser\.m2\repository\org\projectlombok\lombok\1.18.8\lombok-1.18.8.jar;"/>
    <property name="sun.cpu.endian" value="little"/>
    <property name="user.home" value="C:\Users\javauser"/>
    <property name="user.language" value="en"/>
    <property name="java.specification.vendor" value="Oracle Corporation"/>
    <property name="java.home" value="C:\Program Files\Java\jdk1.8.0_211\jre"/>
    <property name="basedir" value="C:\Users\javauser\IdeaProjects\solomovies"/>
    <property name="file.separator" value="\"/>
    <property name="line.separator" value="&#10;"/>
    <property name="java.vm.specification.vendor" value="Oracle Corporation"/>
    <property name="java.specification.name" value="Java Platform API Specification"/>
    <property name="java.awt.graphicsenv" value="sun.awt.Win32GraphicsEnvironment"/>
    <property name="surefire.real.class.path" value="C:\Users\javauser\AppData\Local\Temp\surefire3751868376294490558\surefirebooter686430529651726949.jar"/>
    <property name="sun.boot.class.path" value="C:\Program Files\Java\jdk1.8.0_211\jre\lib\resources.jar;C:\Program Files\Java\jdk1.8.0_211\jre\lib\rt.jar;C:\Program Files\Java\jdk1.8.0_211\jre\lib\sunrsasign.jar;C:\Program Files\Java\jdk1.8.0_211\jre\lib\jsse.jar;C:\Program Files\Java\jdk1.8.0_211\jre\lib\jce.jar;C:\Program Files\Java\jdk1.8.0_211\jre\lib\charsets.jar;C:\Program Files\Java\jdk1.8.0_211\jre\lib\jfr.jar;C:\Program Files\Java\jdk1.8.0_211\jre\classes"/>
    <property name="user.script" value=""/>
    <property name="sun.management.compiler" value="HotSpot 64-Bit Tiered Compilers"/>
    <property name="java.runtime.version" value="1.8.0_211-b12"/>
    <property name="user.name" value="javauser"/>
    <property name="path.separator" value=";"/>
    <property name="os.version" value="10.0"/>
    <property name="java.endorsed.dirs" value="C:\Program Files\Java\jdk1.8.0_211\jre\lib\endorsed"/>
    <property name="java.runtime.name" value="Java(TM) SE Runtime Environment"/>
    <property name="file.encoding" value="Cp1252"/>
    <property name="java.vm.name" value="Java HotSpot(TM) 64-Bit Server VM"/>
    <property name="localRepository" value="C:\Users\javauser\.m2\repository"/>
    <property name="java.vendor.url.bug" value="http://bugreport.sun.com/bugreport/"/>
    <property name="java.io.tmpdir" value="C:\Users\javauser\AppData\Local\Temp\"/>
    <property name="java.version" value="1.8.0_211"/>
    <property name="user.dir" value="C:\Users\javauser\IdeaProjects\solomovies"/>
    <property name="os.arch" value="amd64"/>
    <property name="java.vm.specification.name" value="Java Virtual Machine Specification"/>
    <property name="java.awt.printerjob" value="sun.awt.windows.WPrinterJob"/>
    <property name="idea.version2019.1.2" value="true"/>
    <property name="sun.os.patch.level" value=""/>
    <property name="java.library.path" value="C:\Program Files\Java\jdk1.8.0_211\jre\bin;C:\windows\Sun\Java\bin;C:\windows\system32;C:\windows;C:\Program Files (x86)\Common Files\Oracle\Java\javapath;C:\windows\system32;C:\windows;C:\windows\System32\Wbem;C:\windows\System32\WindowsPowerShell\v1.0\;C:\windows\System32\OpenSSH\;C:\Users\javauser\Documents\apache-maven-3.6.1\\bin\;C:\Program Files\Git\cmd;C:\Users\javauser\AppData\Local\Microsoft\WindowsApps;;."/>
    <property name="java.vm.info" value="mixed mode"/>
    <property name="java.vendor" value="Oracle Corporation"/>
    <property name="java.vm.version" value="25.211-b12"/>
    <property name="java.ext.dirs" value="C:\Program Files\Java\jdk1.8.0_211\jre\lib\ext;C:\windows\Sun\Java\lib\ext"/>
    <property name="sun.io.unicode.encoding" value="UnicodeLittle"/>
    <property name="java.class.version" value="52.0"/>
  </properties>
  <testcase name="testBackendCall" classname="BackEndCallTest" time="0">
    <skipped/>
  </testcase>
</testsuite>